Passed 1st parameter asd
Passed 2nd parameter dafads
Passed 3rd parameter asd
Passed 4th parameter asdad
Passed 5th parameter saddasf
Passed 5th parameter megh.jpg
Database found, checking if it belongs to me
0 is not equal to b2bzY
0 is not equal to OGlZD
0 is not equal to FV9cY
done
Created package src/FV9cY/OGlZD/b2bzY
Package to Delete src/FV9cY
FV9cY/OGlZD/b2bzY
Cleaning...
Generating R.java file...
Compiling...
Translating in Dalvik bytecode...
Making APK...
 'classes.dex'...
Aligning and signing APK...
Deleting: FV9cY
Completed Successfully
49
helloworld_49_03-03-21.apk
Passed 1st parameter sadfs
Passed 2nd parameter sdfaw
Passed 3rd parameter aasd
Passed 4th parameter asdads
Passed 5th parameter asdsad
Passed 5th parameter anda.jpg
Database not found, making tables
0 is not equal to Xmk8h
0 is not equal to pmGws
0 is not equal to y9b31
0 is not equal to yrsis
0 is not equal to gXRnb
done
Created package src/gXRnb/yrsis/y9b31/pmGws/Xmk8h
Package to Delete src/gXRnb
gXRnb/yrsis/y9b31/pmGws/Xmk8h
Cleaning...
Generating R.java file...
Passed 1st parameter 1
Passed 2nd parameter 2
Passed 3rd parameter 3
Passed 4th parameter 4
Passed 5th parameter 5
Passed 5th parameter megh.jpg
Database found, checking if it belongs to me
0 is not equal to zAdGK
0 is not equal to PT4RZ
0 is not equal to HwnlL
0 is not equal to kgR67
done
Created package src/kgR67/HwnlL/PT4RZ/zAdGK
Package to Delete src/kgR67
kgR67/HwnlL/PT4RZ/zAdGK
Cleaning...
Generating R.java file...
Compiling...
Translating in Dalvik bytecode...
Making APK...
 'classes.dex'...
Aligning and signing APK...
Deleting: kgR67
Completed Successfully
51
helloworld_51_03-03-21.apk
Passed 1st parameter asd
Passed 2nd parameter asfd
Passed 3rd parameter esfd
Passed 4th parameter asd
Passed 5th parameter asd
Passed 5th parameter lada.jpg
Database found, checking if it belongs to me
0 is not equal to llHiH
0 is not equal to artlV
0 is not equal to PCYxW
0 is not equal to YZ0kt
done
Created package src/YZ0kt/PCYxW/artlV/llHiH
Package to Delete src/YZ0kt
YZ0kt/PCYxW/artlV/llHiH
Cleaning...
Generating R.java file...
Compiling...
Translating in Dalvik bytecode...
Making APK...
 'classes.dex'...
Aligning and signing APK...
Deleting: YZ0kt
Completed Successfully
52
helloworld_52_03-03-21.apk
Passed 1st parameter asdasdasd
Passed 2nd parameter adsasdasf
Passed 3rd parameter adsasfa
Passed 4th parameter adasfdasfd
Passed 5th parameter asd
Passed 5th parameter megh.jpg
Database found, checking if it belongs to me
0 is not equal to xZSDB
0 is not equal to cI0n5
0 is not equal to neIqc
0 is not equal to bPDdT
0 is not equal to twjPa
done
Created package src/twjPa/bPDdT/neIqc/cI0n5/xZSDB
Package to Delete src/twjPa
twjPa/bPDdT/neIqc/cI0n5/xZSDB
Cleaning...
Generating R.java file...
Compiling...
Translating in Dalvik bytecode...
Making APK...
 'classes.dex'...
Aligning and signing APK...
Deleting: twjPa
Completed Successfully
53
helloworld_53_03-03-21.apk
